2020-04-14T07:55:00+00:00 CRITICAL Uncaught Error: Call to undefined function wp_get_attachement_image_url() in D:\xampp\htdocs\Elementor Development\wp-content\plugins\silon-elementor\widgets\content-block.php:106
Stack trace:
#0 D:\xampp\htdocs\Elementor Development\wp-content\plugins\elementor\includes\base\widget-base.php(531): Silon_ContentBlock_Widget->render()
#1 D:\xampp\htdocs\Elementor Development\wp-content\plugins\elementor\core\base\document.php(218): Elementor\Widget_Base->render_content()
#2 D:\xampp\htdocs\Elementor Development\wp-content\plugins\elementor\includes\managers\widgets.php(323): Elementor\Core\Base\Document->render_element(Array)
#3 [internal function]: Elementor\Widgets_Manager->ajax_render_widget(Array, Object(Elementor\Core\Common\Modules\Ajax\Module))
#4 D:\xampp\htdocs\Elementor Development\wp-content\plugins\elementor\core\common\modules\ajax\module.php(171): call_user_func(Array, Array, Object(Elementor\Core\Common\Modules\Ajax\Module))
#5 D:\xampp\htdocs\Elementor Development\wp-includes\class-wp-hook.php(2 in D:\xampp\htdocs\Elementor Development\wp-content\plugins\silon-elementor\widgets\content-block.php on line 106

2020-04-14T07:55:50+00:00 CRITICAL Uncaught Error: Call to undefined function wp_get_attachement_image_url() in D:\xampp\htdocs\Elementor Development\wp-content\plugins\silon-elementor\widgets\content-block.php:106
Stack trace:
#0 D:\xampp\htdocs\Elementor Development\wp-content\plugins\elementor\includes\base\widget-base.php(531): Silon_ContentBlock_Widget->render()
#1 D:\xampp\htdocs\Elementor Development\wp-content\plugins\elementor\core\base\document.php(218): Elementor\Widget_Base->render_content()
#2 D:\xampp\htdocs\Elementor Development\wp-content\plugins\elementor\includes\managers\widgets.php(323): Elementor\Core\Base\Document->render_element(Array)
#3 [internal function]: Elementor\Widgets_Manager->ajax_render_widget(Array, Object(Elementor\Core\Common\Modules\Ajax\Module))
#4 D:\xampp\htdocs\Elementor Development\wp-content\plugins\elementor\core\common\modules\ajax\module.php(171): call_user_func(Array, Array, Object(Elementor\Core\Common\Modules\Ajax\Module))
#5 D:\xampp\htdocs\Elementor Development\wp-includes\class-wp-hook.php(2 in D:\xampp\htdocs\Elementor Development\wp-content\plugins\silon-elementor\widgets\content-block.php on line 106

2020-04-14T07:55:51+00:00 CRITICAL Uncaught Error: Call to undefined function wp_get_attachement_image_url() in D:\xampp\htdocs\Elementor Development\wp-content\plugins\silon-elementor\widgets\content-block.php:106
Stack trace:
#0 D:\xampp\htdocs\Elementor Development\wp-content\plugins\elementor\includes\base\widget-base.php(531): Silon_ContentBlock_Widget->render()
#1 D:\xampp\htdocs\Elementor Development\wp-content\plugins\elementor\core\base\document.php(218): Elementor\Widget_Base->render_content()
#2 D:\xampp\htdocs\Elementor Development\wp-content\plugins\elementor\includes\managers\widgets.php(323): Elementor\Core\Base\Document->render_element(Array)
#3 [internal function]: Elementor\Widgets_Manager->ajax_render_widget(Array, Object(Elementor\Core\Common\Modules\Ajax\Module))
#4 D:\xampp\htdocs\Elementor Development\wp-content\plugins\elementor\core\common\modules\ajax\module.php(171): call_user_func(Array, Array, Object(Elementor\Core\Common\Modules\Ajax\Module))
#5 D:\xampp\htdocs\Elementor Development\wp-includes\class-wp-hook.php(2 in D:\xampp\htdocs\Elementor Development\wp-content\plugins\silon-elementor\widgets\content-block.php on line 106

2020-04-14T07:55:52+00:00 CRITICAL Uncaught Error: Call to undefined function wp_get_attachement_image_url() in D:\xampp\htdocs\Elementor Development\wp-content\plugins\silon-elementor\widgets\content-block.php:106
Stack trace:
#0 D:\xampp\htdocs\Elementor Development\wp-content\plugins\elementor\includes\base\widget-base.php(531): Silon_ContentBlock_Widget->render()
#1 D:\xampp\htdocs\Elementor Development\wp-content\plugins\elementor\core\base\document.php(218): Elementor\Widget_Base->render_content()
#2 D:\xampp\htdocs\Elementor Development\wp-content\plugins\elementor\includes\managers\widgets.php(323): Elementor\Core\Base\Document->render_element(Array)
#3 [internal function]: Elementor\Widgets_Manager->ajax_render_widget(Array, Object(Elementor\Core\Common\Modules\Ajax\Module))
#4 D:\xampp\htdocs\Elementor Development\wp-content\plugins\elementor\core\common\modules\ajax\module.php(171): call_user_func(Array, Array, Object(Elementor\Core\Common\Modules\Ajax\Module))
#5 D:\xampp\htdocs\Elementor Development\wp-includes\class-wp-hook.php(2 in D:\xampp\htdocs\Elementor Development\wp-content\plugins\silon-elementor\widgets\content-block.php on line 106

2020-04-14T07:55:53+00:00 CRITICAL Uncaught Error: Call to undefined function wp_get_attachement_image_url() in D:\xampp\htdocs\Elementor Development\wp-content\plugins\silon-elementor\widgets\content-block.php:106
Stack trace:
#0 D:\xampp\htdocs\Elementor Development\wp-content\plugins\elementor\includes\base\widget-base.php(531): Silon_ContentBlock_Widget->render()
#1 D:\xampp\htdocs\Elementor Development\wp-content\plugins\elementor\core\base\document.php(218): Elementor\Widget_Base->render_content()
#2 D:\xampp\htdocs\Elementor Development\wp-content\plugins\elementor\includes\managers\widgets.php(323): Elementor\Core\Base\Document->render_element(Array)
#3 [internal function]: Elementor\Widgets_Manager->ajax_render_widget(Array, Object(Elementor\Core\Common\Modules\Ajax\Module))
#4 D:\xampp\htdocs\Elementor Development\wp-content\plugins\elementor\core\common\modules\ajax\module.php(171): call_user_func(Array, Array, Object(Elementor\Core\Common\Modules\Ajax\Module))
#5 D:\xampp\htdocs\Elementor Development\wp-includes\class-wp-hook.php(2 in D:\xampp\htdocs\Elementor Development\wp-content\plugins\silon-elementor\widgets\content-block.php on line 106

2020-04-14T07:55:54+00:00 CRITICAL Uncaught Error: Call to undefined function wp_get_attachement_image_url() in D:\xampp\htdocs\Elementor Development\wp-content\plugins\silon-elementor\widgets\content-block.php:106
Stack trace:
#0 D:\xampp\htdocs\Elementor Development\wp-content\plugins\elementor\includes\base\widget-base.php(531): Silon_ContentBlock_Widget->render()
#1 D:\xampp\htdocs\Elementor Development\wp-content\plugins\elementor\core\base\document.php(218): Elementor\Widget_Base->render_content()
#2 D:\xampp\htdocs\Elementor Development\wp-content\plugins\elementor\includes\managers\widgets.php(323): Elementor\Core\Base\Document->render_element(Array)
#3 [internal function]: Elementor\Widgets_Manager->ajax_render_widget(Array, Object(Elementor\Core\Common\Modules\Ajax\Module))
#4 D:\xampp\htdocs\Elementor Development\wp-content\plugins\elementor\core\common\modules\ajax\module.php(171): call_user_func(Array, Array, Object(Elementor\Core\Common\Modules\Ajax\Module))
#5 D:\xampp\htdocs\Elementor Development\wp-includes\class-wp-hook.php(2 in D:\xampp\htdocs\Elementor Development\wp-content\plugins\silon-elementor\widgets\content-block.php on line 106

2020-04-14T07:55:55+00:00 CRITICAL Uncaught Error: Call to undefined function wp_get_attachement_image_url() in D:\xampp\htdocs\Elementor Development\wp-content\plugins\silon-elementor\widgets\content-block.php:106
Stack trace:
#0 D:\xampp\htdocs\Elementor Development\wp-content\plugins\elementor\includes\base\widget-base.php(531): Silon_ContentBlock_Widget->render()
#1 D:\xampp\htdocs\Elementor Development\wp-content\plugins\elementor\core\base\document.php(218): Elementor\Widget_Base->render_content()
#2 D:\xampp\htdocs\Elementor Development\wp-content\plugins\elementor\includes\managers\widgets.php(323): Elementor\Core\Base\Document->render_element(Array)
#3 [internal function]: Elementor\Widgets_Manager->ajax_render_widget(Array, Object(Elementor\Core\Common\Modules\Ajax\Module))
#4 D:\xampp\htdocs\Elementor Development\wp-content\plugins\elementor\core\common\modules\ajax\module.php(171): call_user_func(Array, Array, Object(Elementor\Core\Common\Modules\Ajax\Module))
#5 D:\xampp\htdocs\Elementor Development\wp-includes\class-wp-hook.php(2 in D:\xampp\htdocs\Elementor Development\wp-content\plugins\silon-elementor\widgets\content-block.php on line 106

2020-04-14T07:55:56+00:00 CRITICAL Uncaught Error: Call to undefined function wp_get_attachement_image_url() in D:\xampp\htdocs\Elementor Development\wp-content\plugins\silon-elementor\widgets\content-block.php:106
Stack trace:
#0 D:\xampp\htdocs\Elementor Development\wp-content\plugins\elementor\includes\base\widget-base.php(531): Silon_ContentBlock_Widget->render()
#1 D:\xampp\htdocs\Elementor Development\wp-content\plugins\elementor\core\base\document.php(218): Elementor\Widget_Base->render_content()
#2 D:\xampp\htdocs\Elementor Development\wp-content\plugins\elementor\includes\managers\widgets.php(323): Elementor\Core\Base\Document->render_element(Array)
#3 [internal function]: Elementor\Widgets_Manager->ajax_render_widget(Array, Object(Elementor\Core\Common\Modules\Ajax\Module))
#4 D:\xampp\htdocs\Elementor Development\wp-content\plugins\elementor\core\common\modules\ajax\module.php(171): call_user_func(Array, Array, Object(Elementor\Core\Common\Modules\Ajax\Module))
#5 D:\xampp\htdocs\Elementor Development\wp-includes\class-wp-hook.php(2 in D:\xampp\htdocs\Elementor Development\wp-content\plugins\silon-elementor\widgets\content-block.php on line 106

2020-04-14T07:55:57+00:00 CRITICAL Uncaught Error: Call to undefined function wp_get_attachement_image_url() in D:\xampp\htdocs\Elementor Development\wp-content\plugins\silon-elementor\widgets\content-block.php:106
Stack trace:
#0 D:\xampp\htdocs\Elementor Development\wp-content\plugins\elementor\includes\base\widget-base.php(531): Silon_ContentBlock_Widget->render()
#1 D:\xampp\htdocs\Elementor Development\wp-content\plugins\elementor\core\base\document.php(218): Elementor\Widget_Base->render_content()
#2 D:\xampp\htdocs\Elementor Development\wp-content\plugins\elementor\includes\managers\widgets.php(323): Elementor\Core\Base\Document->render_element(Array)
#3 [internal function]: Elementor\Widgets_Manager->ajax_render_widget(Array, Object(Elementor\Core\Common\Modules\Ajax\Module))
#4 D:\xampp\htdocs\Elementor Development\wp-content\plugins\elementor\core\common\modules\ajax\module.php(171): call_user_func(Array, Array, Object(Elementor\Core\Common\Modules\Ajax\Module))
#5 D:\xampp\htdocs\Elementor Development\wp-includes\class-wp-hook.php(2 in D:\xampp\htdocs\Elementor Development\wp-content\plugins\silon-elementor\widgets\content-block.php on line 106

2020-04-14T07:55:58+00:00 CRITICAL Uncaught Error: Call to undefined function wp_get_attachement_image_url() in D:\xampp\htdocs\Elementor Development\wp-content\plugins\silon-elementor\widgets\content-block.php:106
Stack trace:
#0 D:\xampp\htdocs\Elementor Development\wp-content\plugins\elementor\includes\base\widget-base.php(531): Silon_ContentBlock_Widget->render()
#1 D:\xampp\htdocs\Elementor Development\wp-content\plugins\elementor\core\base\document.php(218): Elementor\Widget_Base->render_content()
#2 D:\xampp\htdocs\Elementor Development\wp-content\plugins\elementor\includes\managers\widgets.php(323): Elementor\Core\Base\Document->render_element(Array)
#3 [internal function]: Elementor\Widgets_Manager->ajax_render_widget(Array, Object(Elementor\Core\Common\Modules\Ajax\Module))
#4 D:\xampp\htdocs\Elementor Development\wp-content\plugins\elementor\core\common\modules\ajax\module.php(171): call_user_func(Array, Array, Object(Elementor\Core\Common\Modules\Ajax\Module))
#5 D:\xampp\htdocs\Elementor Development\wp-includes\class-wp-hook.php(2 in D:\xampp\htdocs\Elementor Development\wp-content\plugins\silon-elementor\widgets\content-block.php on line 106

2020-04-14T07:55:59+00:00 CRITICAL Uncaught Error: Call to undefined function wp_get_attachement_image_url() in D:\xampp\htdocs\Elementor Development\wp-content\plugins\silon-elementor\widgets\content-block.php:106
Stack trace:
#0 D:\xampp\htdocs\Elementor Development\wp-content\plugins\elementor\includes\base\widget-base.php(531): Silon_ContentBlock_Widget->render()
#1 D:\xampp\htdocs\Elementor Development\wp-content\plugins\elementor\core\base\document.php(218): Elementor\Widget_Base->render_content()
#2 D:\xampp\htdocs\Elementor Development\wp-content\plugins\elementor\includes\managers\widgets.php(323): Elementor\Core\Base\Document->render_element(Array)
#3 [internal function]: Elementor\Widgets_Manager->ajax_render_widget(Array, Object(Elementor\Core\Common\Modules\Ajax\Module))
#4 D:\xampp\htdocs\Elementor Development\wp-content\plugins\elementor\core\common\modules\ajax\module.php(171): call_user_func(Array, Array, Object(Elementor\Core\Common\Modules\Ajax\Module))
#5 D:\xampp\htdocs\Elementor Development\wp-includes\class-wp-hook.php(2 in D:\xampp\htdocs\Elementor Development\wp-content\plugins\silon-elementor\widgets\content-block.php on line 106

2020-04-14T07:56:00+00:00 CRITICAL Uncaught Error: Call to undefined function wp_get_attachement_image_url() in D:\xampp\htdocs\Elementor Development\wp-content\plugins\silon-elementor\widgets\content-block.php:106
Stack trace:
#0 D:\xampp\htdocs\Elementor Development\wp-content\plugins\elementor\includes\base\widget-base.php(531): Silon_ContentBlock_Widget->render()
#1 D:\xampp\htdocs\Elementor Development\wp-content\plugins\elementor\core\base\document.php(218): Elementor\Widget_Base->render_content()
#2 D:\xampp\htdocs\Elementor Development\wp-content\plugins\elementor\includes\managers\widgets.php(323): Elementor\Core\Base\Document->render_element(Array)
#3 [internal function]: Elementor\Widgets_Manager->ajax_render_widget(Array, Object(Elementor\Core\Common\Modules\Ajax\Module))
#4 D:\xampp\htdocs\Elementor Development\wp-content\plugins\elementor\core\common\modules\ajax\module.php(171): call_user_func(Array, Array, Object(Elementor\Core\Common\Modules\Ajax\Module))
#5 D:\xampp\htdocs\Elementor Development\wp-includes\class-wp-hook.php(2 in D:\xampp\htdocs\Elementor Development\wp-content\plugins\silon-elementor\widgets\content-block.php on line 106

2020-04-14T07:56:01+00:00 CRITICAL Uncaught Error: Call to undefined function wp_get_attachement_image_url() in D:\xampp\htdocs\Elementor Development\wp-content\plugins\silon-elementor\widgets\content-block.php:106
Stack trace:
#0 D:\xampp\htdocs\Elementor Development\wp-content\plugins\elementor\includes\base\widget-base.php(531): Silon_ContentBlock_Widget->render()
#1 D:\xampp\htdocs\Elementor Development\wp-content\plugins\elementor\core\base\document.php(218): Elementor\Widget_Base->render_content()
#2 D:\xampp\htdocs\Elementor Development\wp-content\plugins\elementor\includes\managers\widgets.php(323): Elementor\Core\Base\Document->render_element(Array)
#3 [internal function]: Elementor\Widgets_Manager->ajax_render_widget(Array, Object(Elementor\Core\Common\Modules\Ajax\Module))
#4 D:\xampp\htdocs\Elementor Development\wp-content\plugins\elementor\core\common\modules\ajax\module.php(171): call_user_func(Array, Array, Object(Elementor\Core\Common\Modules\Ajax\Module))
#5 D:\xampp\htdocs\Elementor Development\wp-includes\class-wp-hook.php(2 in D:\xampp\htdocs\Elementor Development\wp-content\plugins\silon-elementor\widgets\content-block.php on line 106

2020-04-14T07:56:02+00:00 CRITICAL Uncaught Error: Call to undefined function wp_get_attachement_image_url() in D:\xampp\htdocs\Elementor Development\wp-content\plugins\silon-elementor\widgets\content-block.php:106
Stack trace:
#0 D:\xampp\htdocs\Elementor Development\wp-content\plugins\elementor\includes\base\widget-base.php(531): Silon_ContentBlock_Widget->render()
#1 D:\xampp\htdocs\Elementor Development\wp-content\plugins\elementor\core\base\document.php(218): Elementor\Widget_Base->render_content()
#2 D:\xampp\htdocs\Elementor Development\wp-content\plugins\elementor\includes\managers\widgets.php(323): Elementor\Core\Base\Document->render_element(Array)
#3 [internal function]: Elementor\Widgets_Manager->ajax_render_widget(Array, Object(Elementor\Core\Common\Modules\Ajax\Module))
#4 D:\xampp\htdocs\Elementor Development\wp-content\plugins\elementor\core\common\modules\ajax\module.php(171): call_user_func(Array, Array, Object(Elementor\Core\Common\Modules\Ajax\Module))
#5 D:\xampp\htdocs\Elementor Development\wp-includes\class-wp-hook.php(2 in D:\xampp\htdocs\Elementor Development\wp-content\plugins\silon-elementor\widgets\content-block.php on line 106

2020-04-14T07:56:03+00:00 CRITICAL Uncaught Error: Call to undefined function wp_get_attachement_image_url() in D:\xampp\htdocs\Elementor Development\wp-content\plugins\silon-elementor\widgets\content-block.php:106
Stack trace:
#0 D:\xampp\htdocs\Elementor Development\wp-content\plugins\elementor\includes\base\widget-base.php(531): Silon_ContentBlock_Widget->render()
#1 D:\xampp\htdocs\Elementor Development\wp-content\plugins\elementor\core\base\document.php(218): Elementor\Widget_Base->render_content()
#2 D:\xampp\htdocs\Elementor Development\wp-content\plugins\elementor\includes\managers\widgets.php(323): Elementor\Core\Base\Document->render_element(Array)
#3 [internal function]: Elementor\Widgets_Manager->ajax_render_widget(Array, Object(Elementor\Core\Common\Modules\Ajax\Module))
#4 D:\xampp\htdocs\Elementor Development\wp-content\plugins\elementor\core\common\modules\ajax\module.php(171): call_user_func(Array, Array, Object(Elementor\Core\Common\Modules\Ajax\Module))
#5 D:\xampp\htdocs\Elementor Development\wp-includes\class-wp-hook.php(2 in D:\xampp\htdocs\Elementor Development\wp-content\plugins\silon-elementor\widgets\content-block.php on line 106

2020-04-14T07:56:04+00:00 CRITICAL Uncaught Error: Call to undefined function wp_get_attachement_image_url() in D:\xampp\htdocs\Elementor Development\wp-content\plugins\silon-elementor\widgets\content-block.php:106
Stack trace:
#0 D:\xampp\htdocs\Elementor Development\wp-content\plugins\elementor\includes\base\widget-base.php(531): Silon_ContentBlock_Widget->render()
#1 D:\xampp\htdocs\Elementor Development\wp-content\plugins\elementor\core\base\document.php(218): Elementor\Widget_Base->render_content()
#2 D:\xampp\htdocs\Elementor Development\wp-content\plugins\elementor\includes\managers\widgets.php(323): Elementor\Core\Base\Document->render_element(Array)
#3 [internal function]: Elementor\Widgets_Manager->ajax_render_widget(Array, Object(Elementor\Core\Common\Modules\Ajax\Module))
#4 D:\xampp\htdocs\Elementor Development\wp-content\plugins\elementor\core\common\modules\ajax\module.php(171): call_user_func(Array, Array, Object(Elementor\Core\Common\Modules\Ajax\Module))
#5 D:\xampp\htdocs\Elementor Development\wp-includes\class-wp-hook.php(2 in D:\xampp\htdocs\Elementor Development\wp-content\plugins\silon-elementor\widgets\content-block.php on line 106

2020-04-14T07:56:08+00:00 CRITICAL Uncaught Error: Call to undefined function wp_get_attachement_image_url() in D:\xampp\htdocs\Elementor Development\wp-content\plugins\silon-elementor\widgets\content-block.php:106
Stack trace:
#0 D:\xampp\htdocs\Elementor Development\wp-content\plugins\elementor\includes\base\widget-base.php(531): Silon_ContentBlock_Widget->render()
#1 D:\xampp\htdocs\Elementor Development\wp-content\plugins\elementor\core\base\document.php(218): Elementor\Widget_Base->render_content()
#2 D:\xampp\htdocs\Elementor Development\wp-content\plugins\elementor\includes\managers\widgets.php(323): Elementor\Core\Base\Document->render_element(Array)
#3 [internal function]: Elementor\Widgets_Manager->ajax_render_widget(Array, Object(Elementor\Core\Common\Modules\Ajax\Module))
#4 D:\xampp\htdocs\Elementor Development\wp-content\plugins\elementor\core\common\modules\ajax\module.php(171): call_user_func(Array, Array, Object(Elementor\Core\Common\Modules\Ajax\Module))
#5 D:\xampp\htdocs\Elementor Development\wp-includes\class-wp-hook.php(2 in D:\xampp\htdocs\Elementor Development\wp-content\plugins\silon-elementor\widgets\content-block.php on line 106

2020-04-14T07:56:29+00:00 CRITICAL Uncaught Error: Call to undefined function wp_get_attachement_image_url() in D:\xampp\htdocs\Elementor Development\wp-content\plugins\silon-elementor\widgets\content-block.php:106
Stack trace:
#0 D:\xampp\htdocs\Elementor Development\wp-content\plugins\elementor\includes\base\widget-base.php(531): Silon_ContentBlock_Widget->render()
#1 D:\xampp\htdocs\Elementor Development\wp-content\plugins\elementor\core\base\document.php(218): Elementor\Widget_Base->render_content()
#2 D:\xampp\htdocs\Elementor Development\wp-content\plugins\elementor\includes\managers\widgets.php(323): Elementor\Core\Base\Document->render_element(Array)
#3 [internal function]: Elementor\Widgets_Manager->ajax_render_widget(Array, Object(Elementor\Core\Common\Modules\Ajax\Module))
#4 D:\xampp\htdocs\Elementor Development\wp-content\plugins\elementor\core\common\modules\ajax\module.php(171): call_user_func(Array, Array, Object(Elementor\Core\Common\Modules\Ajax\Module))
#5 D:\xampp\htdocs\Elementor Development\wp-includes\class-wp-hook.php(2 in D:\xampp\htdocs\Elementor Development\wp-content\plugins\silon-elementor\widgets\content-block.php on line 106

2020-04-14T07:56:47+00:00 CRITICAL Uncaught Error: Call to undefined function wp_get_attachement_image_url() in D:\xampp\htdocs\Elementor Development\wp-content\plugins\silon-elementor\widgets\content-block.php:106
Stack trace:
#0 D:\xampp\htdocs\Elementor Development\wp-content\plugins\elementor\includes\base\widget-base.php(531): Silon_ContentBlock_Widget->render()
#1 D:\xampp\htdocs\Elementor Development\wp-content\plugins\elementor\core\base\document.php(218): Elementor\Widget_Base->render_content()
#2 D:\xampp\htdocs\Elementor Development\wp-content\plugins\elementor\includes\managers\widgets.php(323): Elementor\Core\Base\Document->render_element(Array)
#3 [internal function]: Elementor\Widgets_Manager->ajax_render_widget(Array, Object(Elementor\Core\Common\Modules\Ajax\Module))
#4 D:\xampp\htdocs\Elementor Development\wp-content\plugins\elementor\core\common\modules\ajax\module.php(171): call_user_func(Array, Array, Object(Elementor\Core\Common\Modules\Ajax\Module))
#5 D:\xampp\htdocs\Elementor Development\wp-includes\class-wp-hook.php(2 in D:\xampp\htdocs\Elementor Development\wp-content\plugins\silon-elementor\widgets\content-block.php on line 106

2020-04-14T07:57:00+00:00 CRITICAL Uncaught Error: Call to undefined function wp_get_attachement_image_url() in D:\xampp\htdocs\Elementor Development\wp-content\plugins\silon-elementor\widgets\content-block.php:106
Stack trace:
#0 D:\xampp\htdocs\Elementor Development\wp-content\plugins\elementor\includes\base\widget-base.php(531): Silon_ContentBlock_Widget->render()
#1 D:\xampp\htdocs\Elementor Development\wp-content\plugins\elementor\core\base\document.php(218): Elementor\Widget_Base->render_content()
#2 D:\xampp\htdocs\Elementor Development\wp-content\plugins\elementor\includes\managers\widgets.php(323): Elementor\Core\Base\Document->render_element(Array)
#3 [internal function]: Elementor\Widgets_Manager->ajax_render_widget(Array, Object(Elementor\Core\Common\Modules\Ajax\Module))
#4 D:\xampp\htdocs\Elementor Development\wp-content\plugins\elementor\core\common\modules\ajax\module.php(171): call_user_func(Array, Array, Object(Elementor\Core\Common\Modules\Ajax\Module))
#5 D:\xampp\htdocs\Elementor Development\wp-includes\class-wp-hook.php(2 in D:\xampp\htdocs\Elementor Development\wp-content\plugins\silon-elementor\widgets\content-block.php on line 106

2020-04-14T07:57:01+00:00 CRITICAL Uncaught Error: Call to undefined function wp_get_attachement_image_url() in D:\xampp\htdocs\Elementor Development\wp-content\plugins\silon-elementor\widgets\content-block.php:106
Stack trace:
#0 D:\xampp\htdocs\Elementor Development\wp-content\plugins\elementor\includes\base\widget-base.php(531): Silon_ContentBlock_Widget->render()
#1 D:\xampp\htdocs\Elementor Development\wp-content\plugins\elementor\core\base\document.php(218): Elementor\Widget_Base->render_content()
#2 D:\xampp\htdocs\Elementor Development\wp-content\plugins\elementor\includes\managers\widgets.php(323): Elementor\Core\Base\Document->render_element(Array)
#3 [internal function]: Elementor\Widgets_Manager->ajax_render_widget(Array, Object(Elementor\Core\Common\Modules\Ajax\Module))
#4 D:\xampp\htdocs\Elementor Development\wp-content\plugins\elementor\core\common\modules\ajax\module.php(171): call_user_func(Array, Array, Object(Elementor\Core\Common\Modules\Ajax\Module))
#5 D:\xampp\htdocs\Elementor Development\wp-includes\class-wp-hook.php(2 in D:\xampp\htdocs\Elementor Development\wp-content\plugins\silon-elementor\widgets\content-block.php on line 106

2020-04-14T07:57:02+00:00 CRITICAL Uncaught Error: Call to undefined function wp_get_attachement_image_url() in D:\xampp\htdocs\Elementor Development\wp-content\plugins\silon-elementor\widgets\content-block.php:106
Stack trace:
#0 D:\xampp\htdocs\Elementor Development\wp-content\plugins\elementor\includes\base\widget-base.php(531): Silon_ContentBlock_Widget->render()
#1 D:\xampp\htdocs\Elementor Development\wp-content\plugins\elementor\core\base\document.php(218): Elementor\Widget_Base->render_content()
#2 D:\xampp\htdocs\Elementor Development\wp-content\plugins\elementor\includes\managers\widgets.php(323): Elementor\Core\Base\Document->render_element(Array)
#3 [internal function]: Elementor\Widgets_Manager->ajax_render_widget(Array, Object(Elementor\Core\Common\Modules\Ajax\Module))
#4 D:\xampp\htdocs\Elementor Development\wp-content\plugins\elementor\core\common\modules\ajax\module.php(171): call_user_func(Array, Array, Object(Elementor\Core\Common\Modules\Ajax\Module))
#5 D:\xampp\htdocs\Elementor Development\wp-includes\class-wp-hook.php(2 in D:\xampp\htdocs\Elementor Development\wp-content\plugins\silon-elementor\widgets\content-block.php on line 106

2020-04-14T07:57:03+00:00 CRITICAL Uncaught Error: Call to undefined function wp_get_attachement_image_url() in D:\xampp\htdocs\Elementor Development\wp-content\plugins\silon-elementor\widgets\content-block.php:106
Stack trace:
#0 D:\xampp\htdocs\Elementor Development\wp-content\plugins\elementor\includes\base\widget-base.php(531): Silon_ContentBlock_Widget->render()
#1 D:\xampp\htdocs\Elementor Development\wp-content\plugins\elementor\core\base\document.php(218): Elementor\Widget_Base->render_content()
#2 D:\xampp\htdocs\Elementor Development\wp-content\plugins\elementor\includes\managers\widgets.php(323): Elementor\Core\Base\Document->render_element(Array)
#3 [internal function]: Elementor\Widgets_Manager->ajax_render_widget(Array, Object(Elementor\Core\Common\Modules\Ajax\Module))
#4 D:\xampp\htdocs\Elementor Development\wp-content\plugins\elementor\core\common\modules\ajax\module.php(171): call_user_func(Array, Array, Object(Elementor\Core\Common\Modules\Ajax\Module))
#5 D:\xampp\htdocs\Elementor Development\wp-includes\class-wp-hook.php(2 in D:\xampp\htdocs\Elementor Development\wp-content\plugins\silon-elementor\widgets\content-block.php on line 106

2020-04-14T07:57:04+00:00 CRITICAL Uncaught Error: Call to undefined function wp_get_attachement_image_url() in D:\xampp\htdocs\Elementor Development\wp-content\plugins\silon-elementor\widgets\content-block.php:106
Stack trace:
#0 D:\xampp\htdocs\Elementor Development\wp-content\plugins\elementor\includes\base\widget-base.php(531): Silon_ContentBlock_Widget->render()
#1 D:\xampp\htdocs\Elementor Development\wp-content\plugins\elementor\core\base\document.php(218): Elementor\Widget_Base->render_content()
#2 D:\xampp\htdocs\Elementor Development\wp-content\plugins\elementor\includes\managers\widgets.php(323): Elementor\Core\Base\Document->render_element(Array)
#3 [internal function]: Elementor\Widgets_Manager->ajax_render_widget(Array, Object(Elementor\Core\Common\Modules\Ajax\Module))
#4 D:\xampp\htdocs\Elementor Development\wp-content\plugins\elementor\core\common\modules\ajax\module.php(171): call_user_func(Array, Array, Object(Elementor\Core\Common\Modules\Ajax\Module))
#5 D:\xampp\htdocs\Elementor Development\wp-includes\class-wp-hook.php(2 in D:\xampp\htdocs\Elementor Development\wp-content\plugins\silon-elementor\widgets\content-block.php on line 106

2020-04-14T07:57:05+00:00 CRITICAL Uncaught Error: Call to undefined function wp_get_attachement_image_url() in D:\xampp\htdocs\Elementor Development\wp-content\plugins\silon-elementor\widgets\content-block.php:106
Stack trace:
#0 D:\xampp\htdocs\Elementor Development\wp-content\plugins\elementor\includes\base\widget-base.php(531): Silon_ContentBlock_Widget->render()
#1 D:\xampp\htdocs\Elementor Development\wp-content\plugins\elementor\core\base\document.php(218): Elementor\Widget_Base->render_content()
#2 D:\xampp\htdocs\Elementor Development\wp-content\plugins\elementor\includes\managers\widgets.php(323): Elementor\Core\Base\Document->render_element(Array)
#3 [internal function]: Elementor\Widgets_Manager->ajax_render_widget(Array, Object(Elementor\Core\Common\Modules\Ajax\Module))
#4 D:\xampp\htdocs\Elementor Development\wp-content\plugins\elementor\core\common\modules\ajax\module.php(171): call_user_func(Array, Array, Object(Elementor\Core\Common\Modules\Ajax\Module))
#5 D:\xampp\htdocs\Elementor Development\wp-includes\class-wp-hook.php(2 in D:\xampp\htdocs\Elementor Development\wp-content\plugins\silon-elementor\widgets\content-block.php on line 106

2020-04-14T07:57:06+00:00 CRITICAL Uncaught Error: Call to undefined function wp_get_attachement_image_url() in D:\xampp\htdocs\Elementor Development\wp-content\plugins\silon-elementor\widgets\content-block.php:106
Stack trace:
#0 D:\xampp\htdocs\Elementor Development\wp-content\plugins\elementor\includes\base\widget-base.php(531): Silon_ContentBlock_Widget->render()
#1 D:\xampp\htdocs\Elementor Development\wp-content\plugins\elementor\core\base\document.php(218): Elementor\Widget_Base->render_content()
#2 D:\xampp\htdocs\Elementor Development\wp-content\plugins\elementor\includes\managers\widgets.php(323): Elementor\Core\Base\Document->render_element(Array)
#3 [internal function]: Elementor\Widgets_Manager->ajax_render_widget(Array, Object(Elementor\Core\Common\Modules\Ajax\Module))
#4 D:\xampp\htdocs\Elementor Development\wp-content\plugins\elementor\core\common\modules\ajax\module.php(171): call_user_func(Array, Array, Object(Elementor\Core\Common\Modules\Ajax\Module))
#5 D:\xampp\htdocs\Elementor Development\wp-includes\class-wp-hook.php(2 in D:\xampp\htdocs\Elementor Development\wp-content\plugins\silon-elementor\widgets\content-block.php on line 106

2020-04-14T07:57:08+00:00 CRITICAL Uncaught Error: Call to undefined function wp_get_attachement_image_url() in D:\xampp\htdocs\Elementor Development\wp-content\plugins\silon-elementor\widgets\content-block.php:106
Stack trace:
#0 D:\xampp\htdocs\Elementor Development\wp-content\plugins\elementor\includes\base\widget-base.php(531): Silon_ContentBlock_Widget->render()
#1 D:\xampp\htdocs\Elementor Development\wp-content\plugins\elementor\core\base\document.php(218): Elementor\Widget_Base->render_content()
#2 D:\xampp\htdocs\Elementor Development\wp-content\plugins\elementor\includes\managers\widgets.php(323): Elementor\Core\Base\Document->render_element(Array)
#3 [internal function]: Elementor\Widgets_Manager->ajax_render_widget(Array, Object(Elementor\Core\Common\Modules\Ajax\Module))
#4 D:\xampp\htdocs\Elementor Development\wp-content\plugins\elementor\core\common\modules\ajax\module.php(171): call_user_func(Array, Array, Object(Elementor\Core\Common\Modules\Ajax\Module))
#5 D:\xampp\htdocs\Elementor Development\wp-includes\class-wp-hook.php(2 in D:\xampp\htdocs\Elementor Development\wp-content\plugins\silon-elementor\widgets\content-block.php on line 106

2020-04-14T07:57:14+00:00 CRITICAL Uncaught Error: Call to undefined function wp_get_attachement_image_url() in D:\xampp\htdocs\Elementor Development\wp-content\plugins\silon-elementor\widgets\content-block.php:106
Stack trace:
#0 D:\xampp\htdocs\Elementor Development\wp-content\plugins\elementor\includes\base\widget-base.php(531): Silon_ContentBlock_Widget->render()
#1 D:\xampp\htdocs\Elementor Development\wp-content\plugins\elementor\includes\base\widget-base.php(584): Elementor\Widget_Base->render_content()
#2 D:\xampp\htdocs\Elementor Development\wp-content\plugins\elementor\includes\db.php(298): Elementor\Widget_Base->render_plain_content()
#3 D:\xampp\htdocs\Elementor Development\wp-content\plugins\elementor\includes\db.php(304): Elementor\DB->render_element_plain_content(Array)
#4 D:\xampp\htdocs\Elementor Development\wp-content\plugins\elementor\includes\db.php(304): Elementor\DB->render_element_plain_content(Array)
#5 D:\xampp\htdocs\Elementor Development\wp-content\plugins\elementor\includes\db.php(637): Elementor\DB->render_element_ in D:\xampp\htdocs\Elementor Development\wp-content\plugins\silon-elementor\widgets\content-block.php on line 106

2020-04-14T07:57:39+00:00 CRITICAL Uncaught Error: Call to undefined function wp_get_attachement_image_url() in D:\xampp\htdocs\Elementor Development\wp-content\plugins\silon-elementor\widgets\content-block.php:106
Stack trace:
#0 D:\xampp\htdocs\Elementor Development\wp-content\plugins\elementor\includes\base\widget-base.php(531): Silon_ContentBlock_Widget->render()
#1 D:\xampp\htdocs\Elementor Development\wp-content\plugins\elementor\core\base\document.php(218): Elementor\Widget_Base->render_content()
#2 D:\xampp\htdocs\Elementor Development\wp-content\plugins\elementor\includes\managers\widgets.php(323): Elementor\Core\Base\Document->render_element(Array)
#3 [internal function]: Elementor\Widgets_Manager->ajax_render_widget(Array, Object(Elementor\Core\Common\Modules\Ajax\Module))
#4 D:\xampp\htdocs\Elementor Development\wp-content\plugins\elementor\core\common\modules\ajax\module.php(171): call_user_func(Array, Array, Object(Elementor\Core\Common\Modules\Ajax\Module))
#5 D:\xampp\htdocs\Elementor Development\wp-includes\class-wp-hook.php(2 in D:\xampp\htdocs\Elementor Development\wp-content\plugins\silon-elementor\widgets\content-block.php on line 106

2020-04-14T07:57:43+00:00 CRITICAL Uncaught Error: Call to undefined function wp_get_attachement_image_url() in D:\xampp\htdocs\Elementor Development\wp-content\plugins\silon-elementor\widgets\content-block.php:106
Stack trace:
#0 D:\xampp\htdocs\Elementor Development\wp-content\plugins\elementor\includes\base\widget-base.php(531): Silon_ContentBlock_Widget->render()
#1 D:\xampp\htdocs\Elementor Development\wp-content\plugins\elementor\includes\base\widget-base.php(584): Elementor\Widget_Base->render_content()
#2 D:\xampp\htdocs\Elementor Development\wp-content\plugins\elementor\includes\db.php(298): Elementor\Widget_Base->render_plain_content()
#3 D:\xampp\htdocs\Elementor Development\wp-content\plugins\elementor\includes\db.php(304): Elementor\DB->render_element_plain_content(Array)
#4 D:\xampp\htdocs\Elementor Development\wp-content\plugins\elementor\includes\db.php(304): Elementor\DB->render_element_plain_content(Array)
#5 D:\xampp\htdocs\Elementor Development\wp-content\plugins\elementor\includes\db.php(637): Elementor\DB->render_element_ in D:\xampp\htdocs\Elementor Development\wp-content\plugins\silon-elementor\widgets\content-block.php on line 106

2020-04-14T07:58:37+00:00 CRITICAL Uncaught Error: Call to undefined function wp_get_attachement_image_url() in D:\xampp\htdocs\Elementor Development\wp-content\plugins\silon-elementor\widgets\content-block.php:107
Stack trace:
#0 D:\xampp\htdocs\Elementor Development\wp-content\plugins\elementor\includes\base\widget-base.php(531): Silon_ContentBlock_Widget->render()
#1 D:\xampp\htdocs\Elementor Development\wp-content\plugins\elementor\includes\base\widget-base.php(644): Elementor\Widget_Base->render_content()
#2 D:\xampp\htdocs\Elementor Development\wp-content\plugins\elementor\includes\base\element-base.php(746): Elementor\Widget_Base->get_raw_data(true)
#3 D:\xampp\htdocs\Elementor Development\wp-content\plugins\elementor\includes\base\element-base.php(746): Elementor\Element_Base->get_raw_data(true)
#4 D:\xampp\htdocs\Elementor Development\wp-content\plugins\elementor\core\base\document.php(714): Elementor\Element_Base->get_raw_data(true)
#5 D:\xampp\htdocs\Elementor Development\wp-content\plugins\elementor\core\base\document.php(478): Ele in D:\xampp\htdocs\Elementor Development\wp-content\plugins\silon-elementor\widgets\content-block.php on line 107

2020-04-14T08:01:40+00:00 CRITICAL Uncaught Error: Call to undefined function wp_get_attachement_image_url() in D:\xampp\htdocs\Elementor Development\wp-content\plugins\silon-elementor\widgets\content-block.php:106
Stack trace:
#0 D:\xampp\htdocs\Elementor Development\wp-content\plugins\elementor\includes\base\widget-base.php(531): Silon_ContentBlock_Widget->render()
#1 D:\xampp\htdocs\Elementor Development\wp-content\plugins\elementor\includes\base\widget-base.php(644): Elementor\Widget_Base->render_content()
#2 D:\xampp\htdocs\Elementor Development\wp-content\plugins\elementor\includes\base\element-base.php(746): Elementor\Widget_Base->get_raw_data(true)
#3 D:\xampp\htdocs\Elementor Development\wp-content\plugins\elementor\includes\base\element-base.php(746): Elementor\Element_Base->get_raw_data(true)
#4 D:\xampp\htdocs\Elementor Development\wp-content\plugins\elementor\core\base\document.php(714): Elementor\Element_Base->get_raw_data(true)
#5 D:\xampp\htdocs\Elementor Development\wp-content\plugins\elementor\core\base\document.php(478): Ele in D:\xampp\htdocs\Elementor Development\wp-content\plugins\silon-elementor\widgets\content-block.php on line 106

